\BOOKMARK [0][]{chapter.1}{1 Introduction}{}% 1
\BOOKMARK [0][]{chapter.2}{2 The standard model of particle physics}{}% 2
\BOOKMARK [0][]{chapter.3}{3 The LHCb detector}{}% 3
\BOOKMARK [1][-]{section.3.1}{3.1 Intro}{chapter.3}% 4
\BOOKMARK [1][-]{section.3.2}{3.2 subdetectors}{chapter.3}% 5
\BOOKMARK [1][-]{section.3.3}{3.3 Trigger}{chapter.3}% 6
\BOOKMARK [0][]{chapter.4}{4 Theoretical formulism of B \0400 \040K *0 \040+ - }{}% 7
\BOOKMARK [1][-]{section.4.1}{4.1 Angular distribution}{chapter.4}% 8
\BOOKMARK [1][-]{section.4.2}{4.2 Matrix elements}{chapter.4}% 9
\BOOKMARK [1][-]{section.4.3}{4.3 Angular observables}{chapter.4}% 10
\BOOKMARK [1][-]{section.4.4}{4.4 higher K *0J states}{chapter.4}% 11
\BOOKMARK [0][]{chapter.5}{5 The acceptance correction for B \0400 \040K *0 \040+ - \040at LHCb}{}% 12
\BOOKMARK [1][-]{section.5.1}{5.1 acceptance correction intro}{chapter.5}% 13
\BOOKMARK [1][-]{section.5.2}{5.2 Monte CArlo simulations}{chapter.5}% 14
\BOOKMARK [2][-]{subsection.5.2.1}{5.2.1 Data-Simulation corrections}{section.5.2}% 15
\BOOKMARK [1][-]{section.5.3}{5.3 A full 4D acceptance correction}{chapter.5}% 16
\BOOKMARK [2][-]{subsection.5.3.1}{5.3.1 algorithm}{section.5.3}% 17
\BOOKMARK [2][-]{subsection.5.3.2}{5.3.2 validation}{section.5.3}% 18
\BOOKMARK [2][-]{subsection.5.3.3}{5.3.3 results}{section.5.3}% 19
\BOOKMARK [1][-]{section.5.4}{5.4 A factorised acceptance correction}{chapter.5}% 20
\BOOKMARK [2][-]{subsection.5.4.1}{5.4.1 algorithm}{section.5.4}% 21
\BOOKMARK [2][-]{subsection.5.4.2}{5.4.2 validation}{section.5.4}% 22
\BOOKMARK [2][-]{subsection.5.4.3}{5.4.3 results}{section.5.4}% 23
\BOOKMARK [0][]{chapter.6}{6 The S-wave in B \0400 \040K \040+ \040- \040+ - }{}% 24
\BOOKMARK [1][-]{section.6.1}{6.1 The effect of an S-wave on the nagular analysis of B \0400 \040K *0 \040+ - }{chapter.6}% 25
\BOOKMARK [2][-]{subsection.6.1.1}{6.1.1 theory}{section.6.1}% 26
\BOOKMARK [2][-]{subsection.6.1.2}{6.1.2 effect from toy simulations}{section.6.1}% 27
\BOOKMARK [2][-]{subsection.6.1.3}{6.1.3 effect on data}{section.6.1}% 28
\BOOKMARK [1][-]{section.6.2}{6.2 Measuring the S-wave in B \0400 \040K \040+ \040- \040+ - }{chapter.6}% 29
\BOOKMARK [2][-]{subsection.6.2.1}{6.2.1 theory}{section.6.2}% 30
\BOOKMARK [2][-]{subsection.6.2.2}{6.2.2 measurement expected from toy simulations}{section.6.2}% 31
\BOOKMARK [2][-]{subsection.6.2.3}{6.2.3 measurement on data}{section.6.2}% 32
\BOOKMARK [0][]{chapter.7}{7 Measuring the D-wave in B \0400 \040K *0 \040+ - }{}% 33
\BOOKMARK [1][-]{section.7.1}{7.1 angular distribution}{chapter.7}% 34
\BOOKMARK [1][-]{section.7.2}{7.2 angular observables}{chapter.7}% 35
\BOOKMARK [1][-]{section.7.3}{7.3 acceptance correction}{chapter.7}% 36
\BOOKMARK [1][-]{section.7.4}{7.4 Angular fits}{chapter.7}% 37
\BOOKMARK [2][-]{subsection.7.4.1}{7.4.1 no mK}{section.7.4}% 38
\BOOKMARK [2][-]{subsection.7.4.2}{7.4.2 with mK}{section.7.4}% 39
\BOOKMARK [1][-]{section.7.5}{7.5 Results}{chapter.7}% 40
\BOOKMARK [1][-]{section.7.6}{7.6 conclusion}{chapter.7}% 41
\BOOKMARK [0][]{chapter*.2}{Bibliography}{}% 42
